[2024-08-22 05:54:00] local.ERROR: SQLSTATE[08006] [7] SSL connection has been closed unexpectedly (Connection: pgsql, SQL: select * from information_schema.tables where table_catalog = postgress and table_schema = public and table_name = migrations and table_type = 'BASE TABLE') {"exception":"[object] (Illuminate\\Database\\QueryException(code: 7): SQLSTATE[08006] [7] SSL connection has been closed unexpectedly (Connection: pgsql, SQL: select * from information_schema.tables where table_catalog = postgress and table_schema = public and table_name = migrations and table_type = 'BASE TABLE') at D:\\hoc ky 7\\du an tot nghiep\\be-datn\\DATN-TTO\\vendor\\laravel\\framework\\src\\Illuminate\\Database\\Connection.php:829)
[stacktrace]
#0 D:\\hoc ky 7\\du an tot nghiep\\be-datn\\DATN-TTO\\vendor\\laravel\\framework\\src\\Illuminate\\Database\\Connection.php(983): Illuminate\\Database\\Connection->runQueryCallback('select * from i...', Array, Object(Closure))
#1 D:\\hoc ky 7\\du an tot nghiep\\be-datn\\DATN-TTO\\vendor\\laravel\\framework\\src\\Illuminate\\Database\\Connection.php(963): Illuminate\\Database\\Connection->tryAgainIfCausedByLostConnection(Object(Illuminate\\Database\\QueryException), 'select * from i...', Array, Object(Closure))
#2 D:\\hoc ky 7\\du an tot nghiep\\be-datn\\DATN-TTO\\vendor\\laravel\\framework\\src\\Illuminate\\Database\\Connection.php(786): Illuminate\\Database\\Connection->handleQueryException(Object(Illuminate\\Database\\QueryException), 'select * from i...', Array, Object(Closure))
#3 D:\\hoc ky 7\\du an tot nghiep\\be-datn\\DATN-TTO\\vendor\\laravel\\framework\\src\\Illuminate\\Database\\Connection.php(431): Illuminate\\Database\\Connection->run('select * from i...', Array, Object(Closure))
#4 D:\\hoc ky 7\\du an tot nghiep\\be-datn\\DATN-TTO\\vendor\\laravel\\framework\\src\\Illuminate\\Database\\Connection.php(401): Illuminate\\Database\\Connection->select('select * from i...', Array, false)
#5 D:\\hoc ky 7\\du an tot nghiep\\be-datn\\DATN-TTO\\vendor\\laravel\\framework\\src\\Illuminate\\Database\\Schema\\PostgresBuilder.php(52): Illuminate\\Database\\Connection->selectFromWriteConnection('select * from i...', Array)
#6 D:\\hoc ky 7\\du an tot nghiep\\be-datn\\DATN-TTO\\vendor\\laravel\\framework\\src\\Illuminate\\Database\\Migrations\\DatabaseMigrationRepository.php(184): Illuminate\\Database\\Schema\\PostgresBuilder->hasTable('migrations')
#7 D:\\hoc ky 7\\du an tot nghiep\\be-datn\\DATN-TTO\\vendor\\laravel\\framework\\src\\Illuminate\\Database\\Migrations\\Migrator.php(700): Illuminate\\Database\\Migrations\\DatabaseMigrationRepository->repositoryExists()
#8 D:\\hoc ky 7\\du an tot nghiep\\be-datn\\DATN-TTO\\vendor\\laravel\\framework\\src\\Illuminate\\Database\\Console\\Migrations\\MigrateCommand.php(140): Illuminate\\Database\\Migrations\\Migrator->repositoryExists()
#9 D:\\hoc ky 7\\du an tot nghiep\\be-datn\\DATN-TTO\\vendor\\laravel\\framework\\src\\Illuminate\\Support\\helpers.php(248): Illuminate\\Database\\Console\\Migrations\\MigrateCommand->Illuminate\\Database\\Console\\Migrations\\{closure}(1)
#10 D:\\hoc ky 7\\du an tot nghiep\\be-datn\\DATN-TTO\\vendor\\laravel\\framework\\src\\Illuminate\\Database\\Console\\Migrations\\MigrateCommand.php(159): retry(1, Object(Closure), 0, Object(Closure))
#11 D:\\hoc ky 7\\du an tot nghiep\\be-datn\\DATN-TTO\\vendor\\laravel\\framework\\src\\Illuminate\\Database\\Console\\Migrations\\MigrateCommand.php(116): Illuminate\\Database\\Console\\Migrations\\MigrateCommand->repositoryExists()
#12 D:\\hoc ky 7\\du an tot nghiep\\be-datn\\DATN-TTO\\vendor\\laravel\\framework\\src\\Illuminate\\Database\\Console\\Migrations\\MigrateCommand.php(84): Illuminate\\Database\\Console\\Migrations\\MigrateCommand->prepareDatabase()
#13 D:\\hoc ky 7\\du an tot nghiep\\be-datn\\DATN-TTO\\vendor\\laravel\\framework\\src\\Illuminate\\Database\\Migrations\\Migrator.php(633): Illuminate\\Database\\Console\\Migrations\\MigrateCommand->Illuminate\\Database\\Console\\Migrations\\{closure}()
#14 D:\\hoc ky 7\\du an tot nghiep\\be-datn\\DATN-TTO\\vendor\\laravel\\framework\\src\\Illuminate\\Database\\Console\\Migrations\\MigrateCommand.php(104): Illuminate\\Database\\Migrations\\Migrator->usingConnection(NULL, Object(Closure))
#15 D:\\hoc ky 7\\du an tot nghiep\\be-datn\\DATN-TTO\\vendor\\laravel\\framework\\src\\Illuminate\\Container\\BoundMethod.php(36): Illuminate\\Database\\Console\\Migrations\\MigrateCommand->handle()
#16 D:\\hoc ky 7\\du an tot nghiep\\be-datn\\DATN-TTO\\vendor\\laravel\\framework\\src\\Illuminate\\Container\\Util.php(41): Illuminate\\Container\\BoundMethod::Illuminate\\Container\\{closure}()
#17 D:\\hoc ky 7\\du an tot nghiep\\be-datn\\DATN-TTO\\vendor\\laravel\\framework\\src\\Illuminate\\Container\\BoundMethod.php(93): Illuminate\\Container\\Util::unwrapIfClosure(Object(Closure))
#18 D:\\hoc ky 7\\du an tot nghiep\\be-datn\\DATN-TTO\\vendor\\laravel\\framework\\src\\Illuminate\\Container\\BoundMethod.php(37): Illuminate\\Container\\BoundMethod::callBoundMethod(Object(Illuminate\\Foundation\\Application), Array, Object(Closure))
#19 D:\\hoc ky 7\\du an tot nghiep\\be-datn\\DATN-TTO\\vendor\\laravel\\framework\\src\\Illuminate\\Container\\Container.php(662): Illuminate\\Container\\BoundMethod::call(Object(Illuminate\\Foundation\\Application), Array, Array, NULL)
#20 D:\\hoc ky 7\\du an tot nghiep\\be-datn\\DATN-TTO\\vendor\\laravel\\framework\\src\\Illuminate\\Console\\Command.php(211): Illuminate\\Container\\Container->call(Array)
#21 D:\\hoc ky 7\\du an tot nghiep\\be-datn\\DATN-TTO\\vendor\\symfony\\console\\Command\\Command.php(326): Illuminate\\Console\\Command->execute(Object(Symfony\\Component\\Console\\Input\\ArgvInput), Object(Illuminate\\Console\\OutputStyle))
#22 D:\\hoc ky 7\\du an tot nghiep\\be-datn\\DATN-TTO\\vendor\\laravel\\framework\\src\\Illuminate\\Console\\Command.php(181): Symfony\\Component\\Console\\Command\\Command->run(Object(Symfony\\Component\\Console\\Input\\ArgvInput), Object(Illuminate\\Console\\OutputStyle))
#23 D:\\hoc ky 7\\du an tot nghiep\\be-datn\\DATN-TTO\\vendor\\symfony\\console\\Application.php(1096): Illuminate\\Console\\Command->run(Object(Symfony\\Component\\Console\\Input\\ArgvInput), Object(Symfony\\Component\\Console\\Output\\ConsoleOutput))
#24 D:\\hoc ky 7\\du an tot nghiep\\be-datn\\DATN-TTO\\vendor\\symfony\\console\\Application.php(324): Symfony\\Component\\Console\\Application->doRunCommand(Object(Illuminate\\Database\\Console\\Migrations\\MigrateCommand), Object(Symfony\\Component\\Console\\Input\\ArgvInput), Object(Symfony\\Component\\Console\\Output\\ConsoleOutput))
#25 D:\\hoc ky 7\\du an tot nghiep\\be-datn\\DATN-TTO\\vendor\\symfony\\console\\Application.php(175): Symfony\\Component\\Console\\Application->doRun(Object(Symfony\\Component\\Console\\Input\\ArgvInput), Object(Symfony\\Component\\Console\\Output\\ConsoleOutput))
#26 D:\\hoc ky 7\\du an tot nghiep\\be-datn\\DATN-TTO\\vendor\\laravel\\framework\\src\\Illuminate\\Foundation\\Console\\Kernel.php(201): Symfony\\Component\\Console\\Application->run(Object(Symfony\\Component\\Console\\Input\\ArgvInput), Object(Symfony\\Component\\Console\\Output\\ConsoleOutput))
#27 D:\\hoc ky 7\\du an tot nghiep\\be-datn\\DATN-TTO\\artisan(37): Illuminate\\Foundation\\Console\\Kernel->handle(Object(Symfony\\Component\\Console\\Input\\ArgvInput), Object(Symfony\\Component\\Console\\Output\\ConsoleOutput))
#28 {main}

[previous exception] [object] (PDOException(code: 7): SQLSTATE[08006] [7] SSL connection has been closed unexpectedly at D:\\hoc ky 7\\du an tot nghiep\\be-datn\\DATN-TTO\\vendor\\laravel\\framework\\src\\Illuminate\\Database\\Connectors\\Connector.php:65)
[stacktrace]
#0 D:\\hoc ky 7\\du an tot nghiep\\be-datn\\DATN-TTO\\vendor\\laravel\\framework\\src\\Illuminate\\Database\\Connectors\\Connector.php(65): PDO->__construct('pgsql:host=aws-...', 'postgres.zuzwhs...', 'Polypage1234556...', Array)
#1 D:\\hoc ky 7\\du an tot nghiep\\be-datn\\DATN-TTO\\vendor\\laravel\\framework\\src\\Illuminate\\Database\\Connectors\\Connector.php(83): Illuminate\\Database\\Connectors\\Connector->createPdoConnection('pgsql:host=aws-...', 'postgres.zuzwhs...', 'Polypage1234556...', Array)
#2 D:\\hoc ky 7\\du an tot nghiep\\be-datn\\DATN-TTO\\vendor\\laravel\\framework\\src\\Illuminate\\Database\\Connectors\\Connector.php(49): Illuminate\\Database\\Connectors\\Connector->tryAgainIfCausedByLostConnection(Object(PDOException), 'pgsql:host=aws-...', 'postgres.zuzwhs...', 'Polypage1234556...', Array)
#3 D:\\hoc ky 7\\du an tot nghiep\\be-datn\\DATN-TTO\\vendor\\laravel\\framework\\src\\Illuminate\\Database\\Connectors\\PostgresConnector.php(36): Illuminate\\Database\\Connectors\\Connector->createConnection('pgsql:host=aws-...', Array, Array)
#4 D:\\hoc ky 7\\du an tot nghiep\\be-datn\\DATN-TTO\\vendor\\laravel\\framework\\src\\Illuminate\\Database\\Connectors\\ConnectionFactory.php(184): Illuminate\\Database\\Connectors\\PostgresConnector->connect(Array)
#5 [internal function]: Illuminate\\Database\\Connectors\\ConnectionFactory->Illuminate\\Database\\Connectors\\{closure}()
#6 D:\\hoc ky 7\\du an tot nghiep\\be-datn\\DATN-TTO\\vendor\\laravel\\framework\\src\\Illuminate\\Database\\Connection.php(1339): call_user_func(Object(Closure))
#7 D:\\hoc ky 7\\du an tot nghiep\\be-datn\\DATN-TTO\\vendor\\laravel\\framework\\src\\Illuminate\\Database\\Connection.php(528): Illuminate\\Database\\Connection->getPdo()
#8 D:\\hoc ky 7\\du an tot nghiep\\be-datn\\DATN-TTO\\vendor\\laravel\\framework\\src\\Illuminate\\Database\\Connection.php(423): Illuminate\\Database\\Connection->getPdoForSelect(false)
#9 D:\\hoc ky 7\\du an tot nghiep\\be-datn\\DATN-TTO\\vendor\\laravel\\framework\\src\\Illuminate\\Database\\Connection.php(816): Illuminate\\Database\\Connection->Illuminate\\Database\\{closure}('select * from i...', Array)
#10 D:\\hoc ky 7\\du an tot nghiep\\be-datn\\DATN-TTO\\vendor\\laravel\\framework\\src\\Illuminate\\Database\\Connection.php(983): Illuminate\\Database\\Connection->runQueryCallback('select * from i...', Array, Object(Closure))
#11 D:\\hoc ky 7\\du an tot nghiep\\be-datn\\DATN-TTO\\vendor\\laravel\\framework\\src\\Illuminate\\Database\\Connection.php(963): Illuminate\\Database\\Connection->tryAgainIfCausedByLostConnection(Object(Illuminate\\Database\\QueryException), 'select * from i...', Array, Object(Closure))
#12 D:\\hoc ky 7\\du an tot nghiep\\be-datn\\DATN-TTO\\vendor\\laravel\\framework\\src\\Illuminate\\Database\\Connection.php(786): Illuminate\\Database\\Connection->handleQueryException(Object(Illuminate\\Database\\QueryException), 'select * from i...', Array, Object(Closure))
#13 D:\\hoc ky 7\\du an tot nghiep\\be-datn\\DATN-TTO\\vendor\\laravel\\framework\\src\\Illuminate\\Database\\Connection.php(431): Illuminate\\Database\\Connection->run('select * from i...', Array, Object(Closure))
#14 D:\\hoc ky 7\\du an tot nghiep\\be-datn\\DATN-TTO\\vendor\\laravel\\framework\\src\\Illuminate\\Database\\Connection.php(401): Illuminate\\Database\\Connection->select('select * from i...', Array, false)
#15 D:\\hoc ky 7\\du an tot nghiep\\be-datn\\DATN-TTO\\vendor\\laravel\\framework\\src\\Illuminate\\Database\\Schema\\PostgresBuilder.php(52): Illuminate\\Database\\Connection->selectFromWriteConnection('select * from i...', Array)
#16 D:\\hoc ky 7\\du an tot nghiep\\be-datn\\DATN-TTO\\vendor\\laravel\\framework\\src\\Illuminate\\Database\\Migrations\\DatabaseMigrationRepository.php(184): Illuminate\\Database\\Schema\\PostgresBuilder->hasTable('migrations')
#17 D:\\hoc ky 7\\du an tot nghiep\\be-datn\\DATN-TTO\\vendor\\laravel\\framework\\src\\Illuminate\\Database\\Migrations\\Migrator.php(700): Illuminate\\Database\\Migrations\\DatabaseMigrationRepository->repositoryExists()
#18 D:\\hoc ky 7\\du an tot nghiep\\be-datn\\DATN-TTO\\vendor\\laravel\\framework\\src\\Illuminate\\Database\\Console\\Migrations\\MigrateCommand.php(140): Illuminate\\Database\\Migrations\\Migrator->repositoryExists()
#19 D:\\hoc ky 7\\du an tot nghiep\\be-datn\\DATN-TTO\\vendor\\laravel\\framework\\src\\Illuminate\\Support\\helpers.php(248): Illuminate\\Database\\Console\\Migrations\\MigrateCommand->Illuminate\\Database\\Console\\Migrations\\{closure}(1)
#20 D:\\hoc ky 7\\du an tot nghiep\\be-datn\\DATN-TTO\\vendor\\laravel\\framework\\src\\Illuminate\\Database\\Console\\Migrations\\MigrateCommand.php(159): retry(1, Object(Closure), 0, Object(Closure))
#21 D:\\hoc ky 7\\du an tot nghiep\\be-datn\\DATN-TTO\\vendor\\laravel\\framework\\src\\Illuminate\\Database\\Console\\Migrations\\MigrateCommand.php(116): Illuminate\\Database\\Console\\Migrations\\MigrateCommand->repositoryExists()
#22 D:\\hoc ky 7\\du an tot nghiep\\be-datn\\DATN-TTO\\vendor\\laravel\\framework\\src\\Illuminate\\Database\\Console\\Migrations\\MigrateCommand.php(84): Illuminate\\Database\\Console\\Migrations\\MigrateCommand->prepareDatabase()
#23 D:\\hoc ky 7\\du an tot nghiep\\be-datn\\DATN-TTO\\vendor\\laravel\\framework\\src\\Illuminate\\Database\\Migrations\\Migrator.php(633): Illuminate\\Database\\Console\\Migrations\\MigrateCommand->Illuminate\\Database\\Console\\Migrations\\{closure}()
#24 D:\\hoc ky 7\\du an tot nghiep\\be-datn\\DATN-TTO\\vendor\\laravel\\framework\\src\\Illuminate\\Database\\Console\\Migrations\\MigrateCommand.php(104): Illuminate\\Database\\Migrations\\Migrator->usingConnection(NULL, Object(Closure))
#25 D:\\hoc ky 7\\du an tot nghiep\\be-datn\\DATN-TTO\\vendor\\laravel\\framework\\src\\Illuminate\\Container\\BoundMethod.php(36): Illuminate\\Database\\Console\\Migrations\\MigrateCommand->handle()
#26 D:\\hoc ky 7\\du an tot nghiep\\be-datn\\DATN-TTO\\vendor\\laravel\\framework\\src\\Illuminate\\Container\\Util.php(41): Illuminate\\Container\\BoundMethod::Illuminate\\Container\\{closure}()
#27 D:\\hoc ky 7\\du an tot nghiep\\be-datn\\DATN-TTO\\vendor\\laravel\\framework\\src\\Illuminate\\Container\\BoundMethod.php(93): Illuminate\\Container\\Util::unwrapIfClosure(Object(Closure))
#28 D:\\hoc ky 7\\du an tot nghiep\\be-datn\\DATN-TTO\\vendor\\laravel\\framework\\src\\Illuminate\\Container\\BoundMethod.php(37): Illuminate\\Container\\BoundMethod::callBoundMethod(Object(Illuminate\\Foundation\\Application), Array, Object(Closure))
#29 D:\\hoc ky 7\\du an tot nghiep\\be-datn\\DATN-TTO\\vendor\\laravel\\framework\\src\\Illuminate\\Container\\Container.php(662): Illuminate\\Container\\BoundMethod::call(Object(Illuminate\\Foundation\\Application), Array, Array, NULL)
#30 D:\\hoc ky 7\\du an tot nghiep\\be-datn\\DATN-TTO\\vendor\\laravel\\framework\\src\\Illuminate\\Console\\Command.php(211): Illuminate\\Container\\Container->call(Array)
#31 D:\\hoc ky 7\\du an tot nghiep\\be-datn\\DATN-TTO\\vendor\\symfony\\console\\Command\\Command.php(326): Illuminate\\Console\\Command->execute(Object(Symfony\\Component\\Console\\Input\\ArgvInput), Object(Illuminate\\Console\\OutputStyle))
#32 D:\\hoc ky 7\\du an tot nghiep\\be-datn\\DATN-TTO\\vendor\\laravel\\framework\\src\\Illuminate\\Console\\Command.php(181): Symfony\\Component\\Console\\Command\\Command->run(Object(Symfony\\Component\\Console\\Input\\ArgvInput), Object(Illuminate\\Console\\OutputStyle))
#33 D:\\hoc ky 7\\du an tot nghiep\\be-datn\\DATN-TTO\\vendor\\symfony\\console\\Application.php(1096): Illuminate\\Console\\Command->run(Object(Symfony\\Component\\Console\\Input\\ArgvInput), Object(Symfony\\Component\\Console\\Output\\ConsoleOutput))
#34 D:\\hoc ky 7\\du an tot nghiep\\be-datn\\DATN-TTO\\vendor\\symfony\\console\\Application.php(324): Symfony\\Component\\Console\\Application->doRunCommand(Object(Illuminate\\Database\\Console\\Migrations\\MigrateCommand), Object(Symfony\\Component\\Console\\Input\\ArgvInput), Object(Symfony\\Component\\Console\\Output\\ConsoleOutput))
#35 D:\\hoc ky 7\\du an tot nghiep\\be-datn\\DATN-TTO\\vendor\\symfony\\console\\Application.php(175): Symfony\\Component\\Console\\Application->doRun(Object(Symfony\\Component\\Console\\Input\\ArgvInput), Object(Symfony\\Component\\Console\\Output\\ConsoleOutput))
#36 D:\\hoc ky 7\\du an tot nghiep\\be-datn\\DATN-TTO\\vendor\\laravel\\framework\\src\\Illuminate\\Foundation\\Console\\Kernel.php(201): Symfony\\Component\\Console\\Application->run(Object(Symfony\\Component\\Console\\Input\\ArgvInput), Object(Symfony\\Component\\Console\\Output\\ConsoleOutput))
#37 D:\\hoc ky 7\\du an tot nghiep\\be-datn\\DATN-TTO\\artisan(37): Illuminate\\Foundation\\Console\\Kernel->handle(Object(Symfony\\Component\\Console\\Input\\ArgvInput), Object(Symfony\\Component\\Console\\Output\\ConsoleOutput))
#38 {main}
"} 
[2024-08-22 05:56:32] local.ERROR: SQLSTATE[42P07]: Duplicate table: 7 ERROR:  relation "users" already exists (Connection: pgsql, SQL: create table "users" ("id" bigserial not null primary key, "name" varchar(255) not null, "email" varchar(255) not null, "email_verified_at" timestamp(0) without time zone null, "password" varchar(255) not null, "remember_token" varchar(100) null, "created_at" timestamp(0) without time zone null, "updated_at" timestamp(0) without time zone null)) {"exception":"[object] (Illuminate\\Database\\QueryException(code: 42P07): SQLSTATE[42P07]: Duplicate table: 7 ERROR:  relation \"users\" already exists (Connection: pgsql, SQL: create table \"users\" (\"id\" bigserial not null primary key, \"name\" varchar(255) not null, \"email\" varchar(255) not null, \"email_verified_at\" timestamp(0) without time zone null, \"password\" varchar(255) not null, \"remember_token\" varchar(100) null, \"created_at\" timestamp(0) without time zone null, \"updated_at\" timestamp(0) without time zone null)) at D:\\hoc ky 7\\du an tot nghiep\\be-datn\\DATN-TTO\\vendor\\laravel\\framework\\src\\Illuminate\\Database\\Connection.php:829)
[stacktrace]
#0 D:\\hoc ky 7\\du an tot nghiep\\be-datn\\DATN-TTO\\vendor\\laravel\\framework\\src\\Illuminate\\Database\\Connection.php(783): Illuminate\\Database\\Connection->runQueryCallback('create table \"u...', Array, Object(Closure))
#1 D:\\hoc ky 7\\du an tot nghiep\\be-datn\\DATN-TTO\\vendor\\laravel\\framework\\src\\Illuminate\\Database\\Connection.php(588): Illuminate\\Database\\Connection->run('create table \"u...', Array, Object(Closure))
#2 D:\\hoc ky 7\\du an tot nghiep\\be-datn\\DATN-TTO\\vendor\\laravel\\framework\\src\\Illuminate\\Database\\Schema\\Blueprint.php(110): Illuminate\\Database\\Connection->statement('create table \"u...')
#3 D:\\hoc ky 7\\du an tot nghiep\\be-datn\\DATN-TTO\\vendor\\laravel\\framework\\src\\Illuminate\\Database\\Schema\\Builder.php(602): Illuminate\\Database\\Schema\\Blueprint->build(Object(Illuminate\\Database\\PostgresConnection), Object(Illuminate\\Database\\Schema\\Grammars\\PostgresGrammar))
#4 D:\\hoc ky 7\\du an tot nghiep\\be-datn\\DATN-TTO\\vendor\\laravel\\framework\\src\\Illuminate\\Database\\Schema\\Builder.php(460): Illuminate\\Database\\Schema\\Builder->build(Object(Illuminate\\Database\\Schema\\Blueprint))
#5 D:\\hoc ky 7\\du an tot nghiep\\be-datn\\DATN-TTO\\vendor\\laravel\\framework\\src\\Illuminate\\Support\\Facades\\Facade.php(355): Illuminate\\Database\\Schema\\Builder->create('users', Object(Closure))
#6 D:\\hoc ky 7\\du an tot nghiep\\be-datn\\DATN-TTO\\database\\migrations\\2014_10_12_000000_create_users_table.php(22): Illuminate\\Support\\Facades\\Facade::__callStatic('create', Array)
#7 D:\\hoc ky 7\\du an tot nghiep\\be-datn\\DATN-TTO\\vendor\\laravel\\framework\\src\\Illuminate\\Database\\Migrations\\Migrator.php(493): Illuminate\\Database\\Migrations\\Migration@anonymous->up()
#8 D:\\hoc ky 7\\du an tot nghiep\\be-datn\\DATN-TTO\\vendor\\laravel\\framework\\src\\Illuminate\\Database\\Migrations\\Migrator.php(410): Illuminate\\Database\\Migrations\\Migrator->runMethod(Object(Illuminate\\Database\\PostgresConnection), Object(Illuminate\\Database\\Migrations\\Migration@anonymous), 'up')
#9 D:\\hoc ky 7\\du an tot nghiep\\be-datn\\DATN-TTO\\vendor\\laravel\\framework\\src\\Illuminate\\Database\\Concerns\\ManagesTransactions.php(30): Illuminate\\Database\\Migrations\\Migrator->Illuminate\\Database\\Migrations\\{closure}(Object(Illuminate\\Database\\PostgresConnection))
#10 D:\\hoc ky 7\\du an tot nghiep\\be-datn\\DATN-TTO\\vendor\\laravel\\framework\\src\\Illuminate\\Database\\Migrations\\Migrator.php(418): Illuminate\\Database\\Connection->transaction(Object(Closure))
#11 D:\\hoc ky 7\\du an tot nghiep\\be-datn\\DATN-TTO\\vendor\\laravel\\framework\\src\\Illuminate\\Database\\Migrations\\Migrator.php(216): Illuminate\\Database\\Migrations\\Migrator->runMigration(Object(Illuminate\\Database\\Migrations\\Migration@anonymous), 'up')
#12 D:\\hoc ky 7\\du an tot nghiep\\be-datn\\DATN-TTO\\vendor\\laravel\\framework\\src\\Illuminate\\Console\\View\\Components\\Task.php(37): Illuminate\\Database\\Migrations\\Migrator->Illuminate\\Database\\Migrations\\{closure}()
#13 D:\\hoc ky 7\\du an tot nghiep\\be-datn\\DATN-TTO\\vendor\\laravel\\framework\\src\\Illuminate\\Database\\Migrations\\Migrator.php(756): Illuminate\\Console\\View\\Components\\Task->render('2014_10_12_0000...', Object(Closure))
#14 D:\\hoc ky 7\\du an tot nghiep\\be-datn\\DATN-TTO\\vendor\\laravel\\framework\\src\\Illuminate\\Database\\Migrations\\Migrator.php(216): Illuminate\\Database\\Migrations\\Migrator->write('Illuminate\\\\Cons...', '2014_10_12_0000...', Object(Closure))
#15 D:\\hoc ky 7\\du an tot nghiep\\be-datn\\DATN-TTO\\vendor\\laravel\\framework\\src\\Illuminate\\Database\\Migrations\\Migrator.php(181): Illuminate\\Database\\Migrations\\Migrator->runUp('D:\\\\hoc ky 7\\\\du ...', 1, false)
#16 D:\\hoc ky 7\\du an tot nghiep\\be-datn\\DATN-TTO\\vendor\\laravel\\framework\\src\\Illuminate\\Database\\Migrations\\Migrator.php(124): Illuminate\\Database\\Migrations\\Migrator->runPending(Array, Array)
#17 D:\\hoc ky 7\\du an tot nghiep\\be-datn\\DATN-TTO\\vendor\\laravel\\framework\\src\\Illuminate\\Database\\Console\\Migrations\\MigrateCommand.php(92): Illuminate\\Database\\Migrations\\Migrator->run(Array, Array)
#18 D:\\hoc ky 7\\du an tot nghiep\\be-datn\\DATN-TTO\\vendor\\laravel\\framework\\src\\Illuminate\\Database\\Migrations\\Migrator.php(633): Illuminate\\Database\\Console\\Migrations\\MigrateCommand->Illuminate\\Database\\Console\\Migrations\\{closure}()
#19 D:\\hoc ky 7\\du an tot nghiep\\be-datn\\DATN-TTO\\vendor\\laravel\\framework\\src\\Illuminate\\Database\\Console\\Migrations\\MigrateCommand.php(104): Illuminate\\Database\\Migrations\\Migrator->usingConnection(NULL, Object(Closure))
#20 D:\\hoc ky 7\\du an tot nghiep\\be-datn\\DATN-TTO\\vendor\\laravel\\framework\\src\\Illuminate\\Container\\BoundMethod.php(36): Illuminate\\Database\\Console\\Migrations\\MigrateCommand->handle()
#21 D:\\hoc ky 7\\du an tot nghiep\\be-datn\\DATN-TTO\\vendor\\laravel\\framework\\src\\Illuminate\\Container\\Util.php(41): Illuminate\\Container\\BoundMethod::Illuminate\\Container\\{closure}()
#22 D:\\hoc ky 7\\du an tot nghiep\\be-datn\\DATN-TTO\\vendor\\laravel\\framework\\src\\Illuminate\\Container\\BoundMethod.php(93): Illuminate\\Container\\Util::unwrapIfClosure(Object(Closure))
#23 D:\\hoc ky 7\\du an tot nghiep\\be-datn\\DATN-TTO\\vendor\\laravel\\framework\\src\\Illuminate\\Container\\BoundMethod.php(37): Illuminate\\Container\\BoundMethod::callBoundMethod(Object(Illuminate\\Foundation\\Application), Array, Object(Closure))
#24 D:\\hoc ky 7\\du an tot nghiep\\be-datn\\DATN-TTO\\vendor\\laravel\\framework\\src\\Illuminate\\Container\\Container.php(662): Illuminate\\Container\\BoundMethod::call(Object(Illuminate\\Foundation\\Application), Array, Array, NULL)
#25 D:\\hoc ky 7\\du an tot nghiep\\be-datn\\DATN-TTO\\vendor\\laravel\\framework\\src\\Illuminate\\Console\\Command.php(211): Illuminate\\Container\\Container->call(Array)
#26 D:\\hoc ky 7\\du an tot nghiep\\be-datn\\DATN-TTO\\vendor\\symfony\\console\\Command\\Command.php(326): Illuminate\\Console\\Command->execute(Object(Symfony\\Component\\Console\\Input\\ArgvInput), Object(Illuminate\\Console\\OutputStyle))
#27 D:\\hoc ky 7\\du an tot nghiep\\be-datn\\DATN-TTO\\vendor\\laravel\\framework\\src\\Illuminate\\Console\\Command.php(181): Symfony\\Component\\Console\\Command\\Command->run(Object(Symfony\\Component\\Console\\Input\\ArgvInput), Object(Illuminate\\Console\\OutputStyle))
#28 D:\\hoc ky 7\\du an tot nghiep\\be-datn\\DATN-TTO\\vendor\\symfony\\console\\Application.php(1096): Illuminate\\Console\\Command->run(Object(Symfony\\Component\\Console\\Input\\ArgvInput), Object(Symfony\\Component\\Console\\Output\\ConsoleOutput))
#29 D:\\hoc ky 7\\du an tot nghiep\\be-datn\\DATN-TTO\\vendor\\symfony\\console\\Application.php(324): Symfony\\Component\\Console\\Application->doRunCommand(Object(Illuminate\\Database\\Console\\Migrations\\MigrateCommand), Object(Symfony\\Component\\Console\\Input\\ArgvInput), Object(Symfony\\Component\\Console\\Output\\ConsoleOutput))
#30 D:\\hoc ky 7\\du an tot nghiep\\be-datn\\DATN-TTO\\vendor\\symfony\\console\\Application.php(175): Symfony\\Component\\Console\\Application->doRun(Object(Symfony\\Component\\Console\\Input\\ArgvInput), Object(Symfony\\Component\\Console\\Output\\ConsoleOutput))
#31 D:\\hoc ky 7\\du an tot nghiep\\be-datn\\DATN-TTO\\vendor\\laravel\\framework\\src\\Illuminate\\Foundation\\Console\\Kernel.php(201): Symfony\\Component\\Console\\Application->run(Object(Symfony\\Component\\Console\\Input\\ArgvInput), Object(Symfony\\Component\\Console\\Output\\ConsoleOutput))
#32 D:\\hoc ky 7\\du an tot nghiep\\be-datn\\DATN-TTO\\artisan(37): Illuminate\\Foundation\\Console\\Kernel->handle(Object(Symfony\\Component\\Console\\Input\\ArgvInput), Object(Symfony\\Component\\Console\\Output\\ConsoleOutput))
#33 {main}

[previous exception] [object] (PDOException(code: 42P07): SQLSTATE[42P07]: Duplicate table: 7 ERROR:  relation \"users\" already exists at D:\\hoc ky 7\\du an tot nghiep\\be-datn\\DATN-TTO\\vendor\\laravel\\framework\\src\\Illuminate\\Database\\Connection.php:587)
[stacktrace]
#0 D:\\hoc ky 7\\du an tot nghiep\\be-datn\\DATN-TTO\\vendor\\laravel\\framework\\src\\Illuminate\\Database\\Connection.php(587): PDOStatement->execute()
#1 D:\\hoc ky 7\\du an tot nghiep\\be-datn\\DATN-TTO\\vendor\\laravel\\framework\\src\\Illuminate\\Database\\Connection.php(816): Illuminate\\Database\\Connection->Illuminate\\Database\\{closure}('create table \"u...', Array)
#2 D:\\hoc ky 7\\du an tot nghiep\\be-datn\\DATN-TTO\\vendor\\laravel\\framework\\src\\Illuminate\\Database\\Connection.php(783): Illuminate\\Database\\Connection->runQueryCallback('create table \"u...', Array, Object(Closure))
#3 D:\\hoc ky 7\\du an tot nghiep\\be-datn\\DATN-TTO\\vendor\\laravel\\framework\\src\\Illuminate\\Database\\Connection.php(588): Illuminate\\Database\\Connection->run('create table \"u...', Array, Object(Closure))
#4 D:\\hoc ky 7\\du an tot nghiep\\be-datn\\DATN-TTO\\vendor\\laravel\\framework\\src\\Illuminate\\Database\\Schema\\Blueprint.php(110): Illuminate\\Database\\Connection->statement('create table \"u...')
#5 D:\\hoc ky 7\\du an tot nghiep\\be-datn\\DATN-TTO\\vendor\\laravel\\framework\\src\\Illuminate\\Database\\Schema\\Builder.php(602): Illuminate\\Database\\Schema\\Blueprint->build(Object(Illuminate\\Database\\PostgresConnection), Object(Illuminate\\Database\\Schema\\Grammars\\PostgresGrammar))
#6 D:\\hoc ky 7\\du an tot nghiep\\be-datn\\DATN-TTO\\vendor\\laravel\\framework\\src\\Illuminate\\Database\\Schema\\Builder.php(460): Illuminate\\Database\\Schema\\Builder->build(Object(Illuminate\\Database\\Schema\\Blueprint))
#7 D:\\hoc ky 7\\du an tot nghiep\\be-datn\\DATN-TTO\\vendor\\laravel\\framework\\src\\Illuminate\\Support\\Facades\\Facade.php(355): Illuminate\\Database\\Schema\\Builder->create('users', Object(Closure))
#8 D:\\hoc ky 7\\du an tot nghiep\\be-datn\\DATN-TTO\\database\\migrations\\2014_10_12_000000_create_users_table.php(22): Illuminate\\Support\\Facades\\Facade::__callStatic('create', Array)
#9 D:\\hoc ky 7\\du an tot nghiep\\be-datn\\DATN-TTO\\vendor\\laravel\\framework\\src\\Illuminate\\Database\\Migrations\\Migrator.php(493): Illuminate\\Database\\Migrations\\Migration@anonymous->up()
#10 D:\\hoc ky 7\\du an tot nghiep\\be-datn\\DATN-TTO\\vendor\\laravel\\framework\\src\\Illuminate\\Database\\Migrations\\Migrator.php(410): Illuminate\\Database\\Migrations\\Migrator->runMethod(Object(Illuminate\\Database\\PostgresConnection), Object(Illuminate\\Database\\Migrations\\Migration@anonymous), 'up')
#11 D:\\hoc ky 7\\du an tot nghiep\\be-datn\\DATN-TTO\\vendor\\laravel\\framework\\src\\Illuminate\\Database\\Concerns\\ManagesTransactions.php(30): Illuminate\\Database\\Migrations\\Migrator->Illuminate\\Database\\Migrations\\{closure}(Object(Illuminate\\Database\\PostgresConnection))
#12 D:\\hoc ky 7\\du an tot nghiep\\be-datn\\DATN-TTO\\vendor\\laravel\\framework\\src\\Illuminate\\Database\\Migrations\\Migrator.php(418): Illuminate\\Database\\Connection->transaction(Object(Closure))
#13 D:\\hoc ky 7\\du an tot nghiep\\be-datn\\DATN-TTO\\vendor\\laravel\\framework\\src\\Illuminate\\Database\\Migrations\\Migrator.php(216): Illuminate\\Database\\Migrations\\Migrator->runMigration(Object(Illuminate\\Database\\Migrations\\Migration@anonymous), 'up')
#14 D:\\hoc ky 7\\du an tot nghiep\\be-datn\\DATN-TTO\\vendor\\laravel\\framework\\src\\Illuminate\\Console\\View\\Components\\Task.php(37): Illuminate\\Database\\Migrations\\Migrator->Illuminate\\Database\\Migrations\\{closure}()
#15 D:\\hoc ky 7\\du an tot nghiep\\be-datn\\DATN-TTO\\vendor\\laravel\\framework\\src\\Illuminate\\Database\\Migrations\\Migrator.php(756): Illuminate\\Console\\View\\Components\\Task->render('2014_10_12_0000...', Object(Closure))
#16 D:\\hoc ky 7\\du an tot nghiep\\be-datn\\DATN-TTO\\vendor\\laravel\\framework\\src\\Illuminate\\Database\\Migrations\\Migrator.php(216): Illuminate\\Database\\Migrations\\Migrator->write('Illuminate\\\\Cons...', '2014_10_12_0000...', Object(Closure))
#17 D:\\hoc ky 7\\du an tot nghiep\\be-datn\\DATN-TTO\\vendor\\laravel\\framework\\src\\Illuminate\\Database\\Migrations\\Migrator.php(181): Illuminate\\Database\\Migrations\\Migrator->runUp('D:\\\\hoc ky 7\\\\du ...', 1, false)
#18 D:\\hoc ky 7\\du an tot nghiep\\be-datn\\DATN-TTO\\vendor\\laravel\\framework\\src\\Illuminate\\Database\\Migrations\\Migrator.php(124): Illuminate\\Database\\Migrations\\Migrator->runPending(Array, Array)
#19 D:\\hoc ky 7\\du an tot nghiep\\be-datn\\DATN-TTO\\vendor\\laravel\\framework\\src\\Illuminate\\Database\\Console\\Migrations\\MigrateCommand.php(92): Illuminate\\Database\\Migrations\\Migrator->run(Array, Array)
#20 D:\\hoc ky 7\\du an tot nghiep\\be-datn\\DATN-TTO\\vendor\\laravel\\framework\\src\\Illuminate\\Database\\Migrations\\Migrator.php(633): Illuminate\\Database\\Console\\Migrations\\MigrateCommand->Illuminate\\Database\\Console\\Migrations\\{closure}()
#21 D:\\hoc ky 7\\du an tot nghiep\\be-datn\\DATN-TTO\\vendor\\laravel\\framework\\src\\Illuminate\\Database\\Console\\Migrations\\MigrateCommand.php(104): Illuminate\\Database\\Migrations\\Migrator->usingConnection(NULL, Object(Closure))
#22 D:\\hoc ky 7\\du an tot nghiep\\be-datn\\DATN-TTO\\vendor\\laravel\\framework\\src\\Illuminate\\Container\\BoundMethod.php(36): Illuminate\\Database\\Console\\Migrations\\MigrateCommand->handle()
#23 D:\\hoc ky 7\\du an tot nghiep\\be-datn\\DATN-TTO\\vendor\\laravel\\framework\\src\\Illuminate\\Container\\Util.php(41): Illuminate\\Container\\BoundMethod::Illuminate\\Container\\{closure}()
#24 D:\\hoc ky 7\\du an tot nghiep\\be-datn\\DATN-TTO\\vendor\\laravel\\framework\\src\\Illuminate\\Container\\BoundMethod.php(93): Illuminate\\Container\\Util::unwrapIfClosure(Object(Closure))
#25 D:\\hoc ky 7\\du an tot nghiep\\be-datn\\DATN-TTO\\vendor\\laravel\\framework\\src\\Illuminate\\Container\\BoundMethod.php(37): Illuminate\\Container\\BoundMethod::callBoundMethod(Object(Illuminate\\Foundation\\Application), Array, Object(Closure))
#26 D:\\hoc ky 7\\du an tot nghiep\\be-datn\\DATN-TTO\\vendor\\laravel\\framework\\src\\Illuminate\\Container\\Container.php(662): Illuminate\\Container\\BoundMethod::call(Object(Illuminate\\Foundation\\Application), Array, Array, NULL)
#27 D:\\hoc ky 7\\du an tot nghiep\\be-datn\\DATN-TTO\\vendor\\laravel\\framework\\src\\Illuminate\\Console\\Command.php(211): Illuminate\\Container\\Container->call(Array)
#28 D:\\hoc ky 7\\du an tot nghiep\\be-datn\\DATN-TTO\\vendor\\symfony\\console\\Command\\Command.php(326): Illuminate\\Console\\Command->execute(Object(Symfony\\Component\\Console\\Input\\ArgvInput), Object(Illuminate\\Console\\OutputStyle))
#29 D:\\hoc ky 7\\du an tot nghiep\\be-datn\\DATN-TTO\\vendor\\laravel\\framework\\src\\Illuminate\\Console\\Command.php(181): Symfony\\Component\\Console\\Command\\Command->run(Object(Symfony\\Component\\Console\\Input\\ArgvInput), Object(Illuminate\\Console\\OutputStyle))
#30 D:\\hoc ky 7\\du an tot nghiep\\be-datn\\DATN-TTO\\vendor\\symfony\\console\\Application.php(1096): Illuminate\\Console\\Command->run(Object(Symfony\\Component\\Console\\Input\\ArgvInput), Object(Symfony\\Component\\Console\\Output\\ConsoleOutput))
#31 D:\\hoc ky 7\\du an tot nghiep\\be-datn\\DATN-TTO\\vendor\\symfony\\console\\Application.php(324): Symfony\\Component\\Console\\Application->doRunCommand(Object(Illuminate\\Database\\Console\\Migrations\\MigrateCommand), Object(Symfony\\Component\\Console\\Input\\ArgvInput), Object(Symfony\\Component\\Console\\Output\\ConsoleOutput))
#32 D:\\hoc ky 7\\du an tot nghiep\\be-datn\\DATN-TTO\\vendor\\symfony\\console\\Application.php(175): Symfony\\Component\\Console\\Application->doRun(Object(Symfony\\Component\\Console\\Input\\ArgvInput), Object(Symfony\\Component\\Console\\Output\\ConsoleOutput))
#33 D:\\hoc ky 7\\du an tot nghiep\\be-datn\\DATN-TTO\\vendor\\laravel\\framework\\src\\Illuminate\\Foundation\\Console\\Kernel.php(201): Symfony\\Component\\Console\\Application->run(Object(Symfony\\Component\\Console\\Input\\ArgvInput), Object(Symfony\\Component\\Console\\Output\\ConsoleOutput))
#34 D:\\hoc ky 7\\du an tot nghiep\\be-datn\\DATN-TTO\\artisan(37): Illuminate\\Foundation\\Console\\Kernel->handle(Object(Symfony\\Component\\Console\\Input\\ArgvInput), Object(Symfony\\Component\\Console\\Output\\ConsoleOutput))
#35 {main}
"} 
